TpTrace Verbose: 0 : 48428, 1, 2022/04/22, 22:47:31.545, 2785575589926, vstest.console.dll, Version: 16.11.0-release-20210626-04
TpTrace Information: 0 : 48428, 1, 2022/04/22, 22:47:31.581, 2785575886017, vstest.console.dll, FilePatternParser: The given file C:\per\mars-rover\MarsRover.UnitTest\bin\Debug\net5.0\fine-code-coverage\build-output\MarsRover.UnitTest.dll is a full path.
TpTrace Verbose: 0 : 48428, 1, 2022/04/22, 22:47:31.615, 2785576231926, vstest.console.dll, TestPluginCache.DiscoverTestExtensions: finding test extensions in assemblies ends with: RuntimeProvider.dll TPluginInfo: Microsoft.VisualStudio.TestPlatform.Common.ExtensionFramework.Utilities.TestRuntimePluginInformation TExtension: Microsoft.VisualStudio.TestPlatform.ObjectModel.Host.ITestRuntimeProvider
TpTrace Verbose: 0 : 48428, 1, 2022/04/22, 22:47:31.617, 2785576242885, vstest.console.dll, TestPluginCache.GetExtensionPaths: Filtered extension paths: 
TpTrace Verbose: 0 : 48428, 1, 2022/04/22, 22:47:31.617, 2785576245960, vstest.console.dll, TestPluginCache.GetExtensionPaths: Added default extension paths: C:\Program Files\dotnet\sdk\5.0.400\Extensions\Microsoft.Diagnostics.NETCore.Client.dll
C:\Program Files\dotnet\sdk\5.0.400\Extensions\Microsoft.TestPlatform.Extensions.BlameDataCollector.dll
C:\Program Files\dotnet\sdk\5.0.400\Extensions\Microsoft.TestPlatform.Extensions.EventLogCollector.dll
C:\Program Files\dotnet\sdk\5.0.400\Extensions\Microsoft.TestPlatform.TestHostRuntimeProvider.dll
C:\Program Files\dotnet\sdk\5.0.400\Extensions\Microsoft.VisualStudio.TestPlatform.Extensions.Html.TestLogger.dll
C:\Program Files\dotnet\sdk\5.0.400\Extensions\Microsoft.VisualStudio.TestPlatform.Extensions.Trx.TestLogger.dll
TpTrace Verbose: 0 : 48428, 1, 2022/04/22, 22:47:31.617, 2785576247451, vstest.console.dll, TestPluginCache.GetExtensionPaths: Added unfilterableExtensionPaths: 
TpTrace Information: 0 : 48428, 1, 2022/04/22, 22:47:31.619, 2785576267901, vstest.console.dll, AssemblyResolver.ctor: Creating AssemblyResolver with searchDirectories C:\Program Files\dotnet\sdk\5.0.400\Extensions,C:\Program Files\dotnet\sdk\5.0.400
TpTrace Verbose: 0 : 48428, 1, 2022/04/22, 22:47:31.627, 2785576348904, vstest.console.dll, TestPluginCache.DiscoverTestExtensions: Discovering the extensions using extension path.
TpTrace Verbose: 0 : 48428, 1, 2022/04/22, 22:47:31.628, 2785576352695, vstest.console.dll, TestPluginCache.GetExtensionPaths: Filtered extension paths: 
TpTrace Verbose: 0 : 48428, 1, 2022/04/22, 22:47:31.628, 2785576353981, vstest.console.dll, TestPluginCache.GetExtensionPaths: Added default extension paths: C:\Program Files\dotnet\sdk\5.0.400\Extensions\Microsoft.Diagnostics.NETCore.Client.dll
C:\Program Files\dotnet\sdk\5.0.400\Extensions\Microsoft.TestPlatform.Extensions.BlameDataCollector.dll
C:\Program Files\dotnet\sdk\5.0.400\Extensions\Microsoft.TestPlatform.Extensions.EventLogCollector.dll
C:\Program Files\dotnet\sdk\5.0.400\Extensions\Microsoft.TestPlatform.TestHostRuntimeProvider.dll
C:\Program Files\dotnet\sdk\5.0.400\Extensions\Microsoft.VisualStudio.TestPlatform.Extensions.Html.TestLogger.dll
C:\Program Files\dotnet\sdk\5.0.400\Extensions\Microsoft.VisualStudio.TestPlatform.Extensions.Trx.TestLogger.dll
TpTrace Verbose: 0 : 48428, 1, 2022/04/22, 22:47:31.628, 2785576355048, vstest.console.dll, TestPluginCache.GetExtensionPaths: Added unfilterableExtensionPaths: 
TpTrace Verbose: 0 : 48428, 1, 2022/04/22, 22:47:31.628, 2785576357251, vstest.console.dll, TestPluginCache.DiscoverTestExtensions: Discovering the extensions using allExtensionPaths: C:\Program Files\dotnet\sdk\5.0.400\Extensions\Microsoft.Diagnostics.NETCore.Client.dll
C:\Program Files\dotnet\sdk\5.0.400\Extensions\Microsoft.TestPlatform.Extensions.BlameDataCollector.dll
C:\Program Files\dotnet\sdk\5.0.400\Extensions\Microsoft.TestPlatform.Extensions.EventLogCollector.dll
C:\Program Files\dotnet\sdk\5.0.400\Extensions\Microsoft.TestPlatform.TestHostRuntimeProvider.dll
C:\Program Files\dotnet\sdk\5.0.400\Extensions\Microsoft.VisualStudio.TestPlatform.Extensions.Html.TestLogger.dll
C:\Program Files\dotnet\sdk\5.0.400\Extensions\Microsoft.VisualStudio.TestPlatform.Extensions.Trx.TestLogger.dll
TpTrace Information: 0 : 48428, 1, 2022/04/22, 22:47:31.628, 2785576361364, vstest.console.dll, AssemblyResolver.AddSearchDirectories: Adding more searchDirectories C:\Program Files\dotnet\sdk\5.0.400\Extensions,C:\Program Files\dotnet\sdk\5.0.400
TpTrace Information: 0 : 48428, 1, 2022/04/22, 22:47:31.629, 2785576363146, vstest.console.dll, AssemblyResolver.AddSearchDirectories: Adding more searchDirectories C:\Program Files\dotnet\sdk\5.0.400\Extensions,C:\Program Files\dotnet\sdk\5.0.400
TpTrace Information: 0 : 48428, 1, 2022/04/22, 22:47:31.629, 2785576364258, vstest.console.dll, AssemblyResolver.AddSearchDirectories: Adding more searchDirectories C:\Program Files\dotnet\sdk\5.0.400\Extensions,C:\Program Files\dotnet\sdk\5.0.400
TpTrace Information: 0 : 48428, 1, 2022/04/22, 22:47:31.629, 2785576365274, vstest.console.dll, AssemblyResolver.AddSearchDirectories: Adding more searchDirectories C:\Program Files\dotnet\sdk\5.0.400\Extensions,C:\Program Files\dotnet\sdk\5.0.400
TpTrace Information: 0 : 48428, 1, 2022/04/22, 22:47:31.629, 2785576366185, vstest.console.dll, AssemblyResolver.AddSearchDirectories: Adding more searchDirectories C:\Program Files\dotnet\sdk\5.0.400\Extensions,C:\Program Files\dotnet\sdk\5.0.400
TpTrace Information: 0 : 48428, 1, 2022/04/22, 22:47:31.629, 2785576367416, vstest.console.dll, AssemblyResolver.AddSearchDirectories: Adding more searchDirectories C:\Program Files\dotnet\sdk\5.0.400\Extensions,C:\Program Files\dotnet\sdk\5.0.400
TpTrace Information: 0 : 48428, 1, 2022/04/22, 22:47:31.630, 2785576375714, vstest.console.dll, AssemblyResolver.OnResolve: Microsoft.Diagnostics.NETCore.Client: Resolving assembly.
TpTrace Information: 0 : 48428, 1, 2022/04/22, 22:47:31.630, 2785576378596, vstest.console.dll, AssemblyResolver.OnResolve: Microsoft.Diagnostics.NETCore.Client: Searching in: 'C:\Program Files\dotnet\sdk\5.0.400\Extensions'.
TpTrace Information: 0 : 48428, 1, 2022/04/22, 22:47:31.632, 2785576400293, vstest.console.dll, AssemblyResolver.OnResolve: Microsoft.Diagnostics.NETCore.Client: Loading assembly 'C:\Program Files\dotnet\sdk\5.0.400\Extensions\Microsoft.Diagnostics.NETCore.Client.dll'.
TpTrace Information: 0 : 48428, 1, 2022/04/22, 22:47:31.638, 2785576454832, vstest.console.dll, AssemblyResolver.OnResolve: Resolved assembly: Microsoft.Diagnostics.NETCore.Client, from path: C:\Program Files\dotnet\sdk\5.0.400\Extensions\Microsoft.Diagnostics.NETCore.Client.dll
TpTrace Information: 0 : 48428, 1, 2022/04/22, 22:47:31.655, 2785576624983, vstest.console.dll, AssemblyResolver.OnResolve: Microsoft.Bcl.AsyncInterfaces: Resolving assembly.
TpTrace Information: 0 : 48428, 1, 2022/04/22, 22:47:31.655, 2785576627048, vstest.console.dll, AssemblyResolver.OnResolve: Microsoft.Bcl.AsyncInterfaces: Searching in: 'C:\Program Files\dotnet\sdk\5.0.400\Extensions'.
TpTrace Information: 0 : 48428, 1, 2022/04/22, 22:47:31.655, 2785576629675, vstest.console.dll, AssemblyResolver.OnResolve: Microsoft.Bcl.AsyncInterfaces: Assembly path does not exist: 'C:\Program Files\dotnet\sdk\5.0.400\Extensions\Microsoft.Bcl.AsyncInterfaces.dll', returning.
TpTrace Information: 0 : 48428, 1, 2022/04/22, 22:47:31.655, 2785576631574, vstest.console.dll, AssemblyResolver.OnResolve: Microsoft.Bcl.AsyncInterfaces: Assembly path does not exist: 'C:\Program Files\dotnet\sdk\5.0.400\Extensions\Microsoft.Bcl.AsyncInterfaces.exe', returning.
TpTrace Information: 0 : 48428, 1, 2022/04/22, 22:47:31.656, 2785576632867, vstest.console.dll, AssemblyResolver.OnResolve: Microsoft.Bcl.AsyncInterfaces: Searching in: 'C:\Program Files\dotnet\sdk\5.0.400'.
TpTrace Information: 0 : 48428, 1, 2022/04/22, 22:47:31.656, 2785576635450, vstest.console.dll, AssemblyResolver.OnResolve: Microsoft.Bcl.AsyncInterfaces: Assembly path does not exist: 'C:\Program Files\dotnet\sdk\5.0.400\Microsoft.Bcl.AsyncInterfaces.dll', returning.
TpTrace Information: 0 : 48428, 1, 2022/04/22, 22:47:31.656, 2785576638169, vstest.console.dll, AssemblyResolver.OnResolve: Microsoft.Bcl.AsyncInterfaces: Assembly path does not exist: 'C:\Program Files\dotnet\sdk\5.0.400\Microsoft.Bcl.AsyncInterfaces.exe', returning.
TpTrace Information: 0 : 48428, 1, 2022/04/22, 22:47:31.656, 2785576640520, vstest.console.dll, AssemblyResolver.OnResolve: Microsoft.Bcl.AsyncInterfaces: Failed to load assembly.
TpTrace Verbose: 0 : 48428, 1, 2022/04/22, 22:47:31.656, 2785576642007, vstest.console.dll, CurrentDomainAssemblyResolve: Resolving assembly 'Microsoft.Bcl.AsyncInterfaces'.
TpTrace Information: 0 : 48428, 1, 2022/04/22, 22:47:31.657, 2785576643829, vstest.console.dll, AssemblyResolver.OnResolve: Microsoft.Bcl.AsyncInterfaces: Resolving assembly.
TpTrace Information: 0 : 48428, 1, 2022/04/22, 22:47:31.657, 2785576645005, vstest.console.dll, AssemblyResolver.OnResolve: Microsoft.Bcl.AsyncInterfaces: Resolved from cache.
TpTrace Verbose: 0 : 48428, 1, 2022/04/22, 22:47:31.657, 2785576646171, vstest.console.dll, CurrentDomainAssemblyResolve: Resolving assembly 'Microsoft.Bcl.AsyncInterfaces'.
TpTrace Verbose: 0 : 48428, 1, 2022/04/22, 22:47:31.657, 2785576647369, vstest.console.dll, CurrentDomainAssemblyResolve: Failed to resolve assembly 'Microsoft.Bcl.AsyncInterfaces'.
TpTrace Verbose: 0 : 48428, 1, 2022/04/22, 22:47:31.661, 2785576685017, vstest.console.dll, CurrentDomainAssemblyResolve: Failed to resolve assembly 'Microsoft.Bcl.AsyncInterfaces'.
TpTrace Warning: 0 : 48428, 1, 2022/04/22, 22:47:31.720, 2785577280476, vstest.console.dll, TestPluginDiscoverer: Failed to get types from assembly 'Microsoft.Diagnostics.NETCore.Client, Version=0.2.2.41902, Culture=neutral, PublicKeyToken=31bf3856ad364e35'.  Skipping test extension scan for this assembly.  Error: System.Reflection.ReflectionTypeLoadException: Unable to load one or more of the requested types.
Could not load file or assembly 'Microsoft.Bcl.AsyncInterfaces, Version=1.0.0.0, Culture=neutral, PublicKeyToken=cc7b13ffcd2ddd51'. The system cannot find the file specified.
   at System.Reflection.RuntimeModule.GetTypes(RuntimeModule module)
   at System.Reflection.RuntimeModule.GetTypes()
   at System.Reflection.Assembly.GetTypes()
   at Microsoft.VisualStudio.TestPlatform.Common.ExtensionFramework.TestPluginDiscoverer.GetTestExtensionsFromAssembly[TPluginInfo,TExtension](Assembly assembly, Dictionary`2 pluginInfos)
System.IO.FileNotFoundException: Could not load file or assembly 'Microsoft.Bcl.AsyncInterfaces, Version=1.0.0.0, Culture=neutral, PublicKeyToken=cc7b13ffcd2ddd51'. The system cannot find the file specified.
File name: 'Microsoft.Bcl.AsyncInterfaces, Version=1.0.0.0, Culture=neutral, PublicKeyToken=cc7b13ffcd2ddd51'
TpTrace Warning: 0 : 48428, 1, 2022/04/22, 22:47:31.721, 2785577282577, vstest.console.dll, LoaderExceptions: System.IO.FileNotFoundException: Could not load file or assembly 'Microsoft.Bcl.AsyncInterfaces, Version=1.0.0.0, Culture=neutral, PublicKeyToken=cc7b13ffcd2ddd51'. The system cannot find the file specified.
File name: 'Microsoft.Bcl.AsyncInterfaces, Version=1.0.0.0, Culture=neutral, PublicKeyToken=cc7b13ffcd2ddd51'
TpTrace Information: 0 : 48428, 1, 2022/04/22, 22:47:31.721, 2785577285099, vstest.console.dll, AssemblyResolver.OnResolve: Microsoft.TestPlatform.Extensions.BlameDataCollector: Resolving assembly.
TpTrace Information: 0 : 48428, 1, 2022/04/22, 22:47:31.721, 2785577286179, vstest.console.dll, AssemblyResolver.OnResolve: Microsoft.TestPlatform.Extensions.BlameDataCollector: Searching in: 'C:\Program Files\dotnet\sdk\5.0.400\Extensions'.
TpTrace Information: 0 : 48428, 1, 2022/04/22, 22:47:31.722, 2785577300068, vstest.console.dll, AssemblyResolver.OnResolve: Microsoft.TestPlatform.Extensions.BlameDataCollector: Loading assembly 'C:\Program Files\dotnet\sdk\5.0.400\Extensions\Microsoft.TestPlatform.Extensions.BlameDataCollector.dll'.
TpTrace Information: 0 : 48428, 1, 2022/04/22, 22:47:31.727, 2785577352230, vstest.console.dll, AssemblyResolver.OnResolve: Resolved assembly: Microsoft.TestPlatform.Extensions.BlameDataCollector, from path: C:\Program Files\dotnet\sdk\5.0.400\Extensions\Microsoft.TestPlatform.Extensions.BlameDataCollector.dll
TpTrace Information: 0 : 48428, 1, 2022/04/22, 22:47:31.729, 2785577366706, vstest.console.dll, AssemblyResolver.OnResolve: Microsoft.TestPlatform.Extensions.EventLogCollector: Resolving assembly.
TpTrace Information: 0 : 48428, 1, 2022/04/22, 22:47:31.729, 2785577368385, vstest.console.dll, AssemblyResolver.OnResolve: Microsoft.TestPlatform.Extensions.EventLogCollector: Searching in: 'C:\Program Files\dotnet\sdk\5.0.400\Extensions'.
TpTrace Information: 0 : 48428, 1, 2022/04/22, 22:47:31.731, 2785577386428, vstest.console.dll, AssemblyResolver.OnResolve: Microsoft.TestPlatform.Extensions.EventLogCollector: Loading assembly 'C:\Program Files\dotnet\sdk\5.0.400\Extensions\Microsoft.TestPlatform.Extensions.EventLogCollector.dll'.
TpTrace Information: 0 : 48428, 1, 2022/04/22, 22:47:31.736, 2785577441288, vstest.console.dll, AssemblyResolver.OnResolve: Resolved assembly: Microsoft.TestPlatform.Extensions.EventLogCollector, from path: C:\Program Files\dotnet\sdk\5.0.400\Extensions\Microsoft.TestPlatform.Extensions.EventLogCollector.dll
TpTrace Information: 0 : 48428, 1, 2022/04/22, 22:47:31.749, 2785577567847, vstest.console.dll, AssemblyResolver.OnResolve: Microsoft.TestPlatform.TestHostRuntimeProvider: Resolving assembly.
TpTrace Information: 0 : 48428, 1, 2022/04/22, 22:47:31.749, 2785577569838, vstest.console.dll, AssemblyResolver.OnResolve: Microsoft.TestPlatform.TestHostRuntimeProvider: Searching in: 'C:\Program Files\dotnet\sdk\5.0.400\Extensions'.
TpTrace Information: 0 : 48428, 1, 2022/04/22, 22:47:31.751, 2785577586961, vstest.console.dll, AssemblyResolver.OnResolve: Microsoft.TestPlatform.TestHostRuntimeProvider: Loading assembly 'C:\Program Files\dotnet\sdk\5.0.400\Extensions\Microsoft.TestPlatform.TestHostRuntimeProvider.dll'.
TpTrace Information: 0 : 48428, 1, 2022/04/22, 22:47:31.755, 2785577625697, vstest.console.dll, AssemblyResolver.OnResolve: Resolved assembly: Microsoft.TestPlatform.TestHostRuntimeProvider, from path: C:\Program Files\dotnet\sdk\5.0.400\Extensions\Microsoft.TestPlatform.TestHostRuntimeProvider.dll
TpTrace Information: 0 : 48428, 1, 2022/04/22, 22:47:31.760, 2785577677484, vstest.console.dll, AssemblyResolver.OnResolve: Microsoft.VisualStudio.TestPlatform.Extensions.Html.TestLogger: Resolving assembly.
TpTrace Information: 0 : 48428, 1, 2022/04/22, 22:47:31.760, 2785577679967, vstest.console.dll, AssemblyResolver.OnResolve: Microsoft.VisualStudio.TestPlatform.Extensions.Html.TestLogger: Searching in: 'C:\Program Files\dotnet\sdk\5.0.400\Extensions'.
TpTrace Information: 0 : 48428, 1, 2022/04/22, 22:47:31.762, 2785577699634, vstest.console.dll, AssemblyResolver.OnResolve: Microsoft.VisualStudio.TestPlatform.Extensions.Html.TestLogger: Loading assembly 'C:\Program Files\dotnet\sdk\5.0.400\Extensions\Microsoft.VisualStudio.TestPlatform.Extensions.Html.TestLogger.dll'.
TpTrace Information: 0 : 48428, 1, 2022/04/22, 22:47:31.768, 2785577754055, vstest.console.dll, AssemblyResolver.OnResolve: Resolved assembly: Microsoft.VisualStudio.TestPlatform.Extensions.Html.TestLogger, from path: C:\Program Files\dotnet\sdk\5.0.400\Extensions\Microsoft.VisualStudio.TestPlatform.Extensions.Html.TestLogger.dll
TpTrace Information: 0 : 48428, 1, 2022/04/22, 22:47:31.768, 2785577761988, vstest.console.dll, AssemblyResolver.OnResolve: Microsoft.VisualStudio.TestPlatform.Extensions.Trx.TestLogger: Resolving assembly.
TpTrace Information: 0 : 48428, 1, 2022/04/22, 22:47:31.769, 2785577764231, vstest.console.dll, AssemblyResolver.OnResolve: Microsoft.VisualStudio.TestPlatform.Extensions.Trx.TestLogger: Searching in: 'C:\Program Files\dotnet\sdk\5.0.400\Extensions'.
TpTrace Information: 0 : 48428, 1, 2022/04/22, 22:47:31.770, 2785577781352, vstest.console.dll, AssemblyResolver.OnResolve: Microsoft.VisualStudio.TestPlatform.Extensions.Trx.TestLogger: Loading assembly 'C:\Program Files\dotnet\sdk\5.0.400\Extensions\Microsoft.VisualStudio.TestPlatform.Extensions.Trx.TestLogger.dll'.
TpTrace Information: 0 : 48428, 1, 2022/04/22, 22:47:31.776, 2785577832425, vstest.console.dll, AssemblyResolver.OnResolve: Resolved assembly: Microsoft.VisualStudio.TestPlatform.Extensions.Trx.TestLogger, from path: C:\Program Files\dotnet\sdk\5.0.400\Extensions\Microsoft.VisualStudio.TestPlatform.Extensions.Trx.TestLogger.dll
TpTrace Verbose: 0 : 48428, 1, 2022/04/22, 22:47:31.777, 2785577845932, vstest.console.dll, TestPluginCache: Discovered the extensions using extension path ''.
TpTrace Verbose: 0 : 48428, 1, 2022/04/22, 22:47:31.777, 2785577847723, vstest.console.dll, TestPluginCache: Discoverers are ''.
TpTrace Verbose: 0 : 48428, 1, 2022/04/22, 22:47:31.777, 2785577848676, vstest.console.dll, TestPluginCache: Executors are ''.
TpTrace Verbose: 0 : 48428, 1, 2022/04/22, 22:47:31.777, 2785577849449, vstest.console.dll, TestPluginCache: Executors2 are ''.
TpTrace Verbose: 0 : 48428, 1, 2022/04/22, 22:47:31.777, 2785577850231, vstest.console.dll, TestPluginCache: Setting providers are ''.
TpTrace Verbose: 0 : 48428, 1, 2022/04/22, 22:47:31.777, 2785577851091, vstest.console.dll, TestPluginCache: Loggers are ''.
TpTrace Information: 0 : 48428, 1, 2022/04/22, 22:47:31.795, 2785578031621, vstest.console.dll, RunTestsArgumentProcessor:Execute: Test run is starting.
TpTrace Verbose: 0 : 48428, 1, 2022/04/22, 22:47:31.796, 2785578033616, vstest.console.dll, RunTestsArgumentProcessor:Execute: Queuing Test run.
TpTrace Information: 0 : 48428, 1, 2022/04/22, 22:47:31.796, 2785578037750, vstest.console.dll, TestRequestManager.RunTests: run tests started.
TpTrace Information: 0 : 48428, 1, 2022/04/22, 22:47:31.815, 2785578224060, vstest.console.dll, AssemblyMetadataProvider.GetFrameWork: Determined framework:'.NETCoreApp,Version=v5.0' for source: 'C:\per\mars-rover\MarsRover.UnitTest\bin\Debug\net5.0\fine-code-coverage\build-output\MarsRover.UnitTest.dll'
TpTrace Information: 0 : 48428, 1, 2022/04/22, 22:47:31.815, 2785578228383, vstest.console.dll, Determined framework for all sources: .NETCoreApp,Version=v5.0
TpTrace Information: 0 : 48428, 1, 2022/04/22, 22:47:31.818, 2785578261842, vstest.console.dll, AssemblyMetadataProvider.GetArchitecture: Determined architecture:AnyCPU info for assembly: C:\per\mars-rover\MarsRover.UnitTest\bin\Debug\net5.0\fine-code-coverage\build-output\MarsRover.UnitTest.dll
TpTrace Information: 0 : 48428, 1, 2022/04/22, 22:47:31.824, 2785578315757, vstest.console.dll, Determined platform for all sources: X64
TpTrace Information: 0 : 48428, 1, 2022/04/22, 22:47:31.830, 2785578378863, vstest.console.dll, Compatible sources list : 
TpTrace Information: 0 : 48428, 1, 2022/04/22, 22:47:31.830, 2785578382109, vstest.console.dll, C:\per\mars-rover\MarsRover.UnitTest\bin\Debug\net5.0\fine-code-coverage\build-output\MarsRover.UnitTest.dll
TpTrace Information: 0 : 48428, 1, 2022/04/22, 22:47:31.839, 2785578470877, vstest.console.dll, InferRunSettingsHelper.IsTestSettingsEnabled: Unable to navigate to RunSettings/MSTest. Current node: RunSettings
TpTrace Information: 0 : 48428, 1, 2022/04/22, 22:47:31.844, 2785578516673, vstest.console.dll, AssemblyResolver.OnResolve: Microsoft.VisualStudio.TestPlatform.Fakes: Resolving assembly.
TpTrace Information: 0 : 48428, 1, 2022/04/22, 22:47:31.844, 2785578519284, vstest.console.dll, AssemblyResolver.OnResolve: Microsoft.VisualStudio.TestPlatform.Fakes: Searching in: 'C:\Program Files\dotnet\sdk\5.0.400\Extensions'.
TpTrace Information: 0 : 48428, 1, 2022/04/22, 22:47:31.844, 2785578522123, vstest.console.dll, AssemblyResolver.OnResolve: Microsoft.VisualStudio.TestPlatform.Fakes: Assembly path does not exist: 'C:\Program Files\dotnet\sdk\5.0.400\Extensions\Microsoft.VisualStudio.TestPlatform.Fakes.dll', returning.
TpTrace Information: 0 : 48428, 1, 2022/04/22, 22:47:31.845, 2785578524327, vstest.console.dll, AssemblyResolver.OnResolve: Microsoft.VisualStudio.TestPlatform.Fakes: Assembly path does not exist: 'C:\Program Files\dotnet\sdk\5.0.400\Extensions\Microsoft.VisualStudio.TestPlatform.Fakes.exe', returning.
TpTrace Information: 0 : 48428, 1, 2022/04/22, 22:47:31.845, 2785578525489, vstest.console.dll, AssemblyResolver.OnResolve: Microsoft.VisualStudio.TestPlatform.Fakes: Searching in: 'C:\Program Files\dotnet\sdk\5.0.400'.
TpTrace Information: 0 : 48428, 1, 2022/04/22, 22:47:31.845, 2785578527823, vstest.console.dll, AssemblyResolver.OnResolve: Microsoft.VisualStudio.TestPlatform.Fakes: Assembly path does not exist: 'C:\Program Files\dotnet\sdk\5.0.400\Microsoft.VisualStudio.TestPlatform.Fakes.dll', returning.
TpTrace Information: 0 : 48428, 1, 2022/04/22, 22:47:31.845, 2785578529865, vstest.console.dll, AssemblyResolver.OnResolve: Microsoft.VisualStudio.TestPlatform.Fakes: Assembly path does not exist: 'C:\Program Files\dotnet\sdk\5.0.400\Microsoft.VisualStudio.TestPlatform.Fakes.exe', returning.
TpTrace Information: 0 : 48428, 1, 2022/04/22, 22:47:31.845, 2785578530810, vstest.console.dll, AssemblyResolver.OnResolve: Microsoft.VisualStudio.TestPlatform.Fakes: Failed to load assembly.
TpTrace Information: 0 : 48428, 1, 2022/04/22, 22:47:31.846, 2785578539840, vstest.console.dll, Failed to create newly implemented Fakes Configurator. Reason:System.IO.FileNotFoundException: Could not load file or assembly 'Microsoft.VisualStudio.TestPlatform.Fakes, Version=16.0.0.0, Culture=neutral, PublicKeyToken=null'. The system cannot find the file specified.
File name: 'Microsoft.VisualStudio.TestPlatform.Fakes, Version=16.0.0.0, Culture=neutral, PublicKeyToken=null'
   at System.Reflection.RuntimeAssembly.InternalLoad(ObjectHandleOnStack assemblyName, ObjectHandleOnStack requestingAssembly, StackCrawlMarkHandle stackMark, Boolean throwOnFileNotFound, ObjectHandleOnStack assemblyLoadContext, ObjectHandleOnStack retAssembly)
   at System.Reflection.RuntimeAssembly.InternalLoad(AssemblyName assemblyName, RuntimeAssembly requestingAssembly, StackCrawlMark& stackMark, Boolean throwOnFileNotFound, AssemblyLoadContext assemblyLoadContext)
   at System.Reflection.Assembly.Load(AssemblyName assemblyRef)
   at Microsoft.VisualStudio.TestPlatform.Common.Utilities.FakesUtilities.TryGetFakesCrossPlatformDataCollectorConfigurator() 
TpTrace Verbose: 0 : 48428, 1, 2022/04/22, 22:47:31.868, 2785578762273, vstest.console.dll, TestPluginCache.DiscoverTestExtensions: finding test extensions in assemblies ends with: TestLogger.dll TPluginInfo: Microsoft.VisualStudio.TestPlatform.Common.ExtensionFramework.Utilities.TestLoggerPluginInformation TExtension: Microsoft.VisualStudio.TestPlatform.ObjectModel.Client.ITestLogger
TpTrace Verbose: 0 : 48428, 1, 2022/04/22, 22:47:31.869, 2785578764653, vstest.console.dll, TestPluginCache.GetExtensionPaths: Filtered extension paths: 
TpTrace Verbose: 0 : 48428, 1, 2022/04/22, 22:47:31.869, 2785578765834, vstest.console.dll, TestPluginCache.GetExtensionPaths: Added default extension paths: C:\Program Files\dotnet\sdk\5.0.400\Extensions\Microsoft.Diagnostics.NETCore.Client.dll
C:\Program Files\dotnet\sdk\5.0.400\Extensions\Microsoft.TestPlatform.Extensions.BlameDataCollector.dll
C:\Program Files\dotnet\sdk\5.0.400\Extensions\Microsoft.TestPlatform.Extensions.EventLogCollector.dll
C:\Program Files\dotnet\sdk\5.0.400\Extensions\Microsoft.TestPlatform.TestHostRuntimeProvider.dll
C:\Program Files\dotnet\sdk\5.0.400\Extensions\Microsoft.VisualStudio.TestPlatform.Extensions.Html.TestLogger.dll
C:\Program Files\dotnet\sdk\5.0.400\Extensions\Microsoft.VisualStudio.TestPlatform.Extensions.Trx.TestLogger.dll
TpTrace Verbose: 0 : 48428, 1, 2022/04/22, 22:47:31.869, 2785578767238, vstest.console.dll, TestPluginCache.GetExtensionPaths: Added unfilterableExtensionPaths: 
TpTrace Information: 0 : 48428, 1, 2022/04/22, 22:47:31.869, 2785578771175, vstest.console.dll, AssemblyResolver.AddSearchDirectories: Adding more searchDirectories C:\Program Files\dotnet\sdk\5.0.400\Extensions,C:\Program Files\dotnet\sdk\5.0.400
TpTrace Verbose: 0 : 48428, 1, 2022/04/22, 22:47:31.870, 2785578772557, vstest.console.dll, TestPluginCache.DiscoverTestExtensions: Discovering the extensions using extension path.
TpTrace Verbose: 0 : 48428, 1, 2022/04/22, 22:47:31.870, 2785578773523, vstest.console.dll, TestPluginCache.GetExtensionPaths: Filtered extension paths: 
TpTrace Verbose: 0 : 48428, 1, 2022/04/22, 22:47:31.870, 2785578774658, vstest.console.dll, TestPluginCache.GetExtensionPaths: Added default extension paths: C:\Program Files\dotnet\sdk\5.0.400\Extensions\Microsoft.Diagnostics.NETCore.Client.dll
C:\Program Files\dotnet\sdk\5.0.400\Extensions\Microsoft.TestPlatform.Extensions.BlameDataCollector.dll
C:\Program Files\dotnet\sdk\5.0.400\Extensions\Microsoft.TestPlatform.Extensions.EventLogCollector.dll
C:\Program Files\dotnet\sdk\5.0.400\Extensions\Microsoft.TestPlatform.TestHostRuntimeProvider.dll
C:\Program Files\dotnet\sdk\5.0.400\Extensions\Microsoft.VisualStudio.TestPlatform.Extensions.Html.TestLogger.dll
C:\Program Files\dotnet\sdk\5.0.400\Extensions\Microsoft.VisualStudio.TestPlatform.Extensions.Trx.TestLogger.dll
TpTrace Verbose: 0 : 48428, 1, 2022/04/22, 22:47:31.870, 2785578775567, vstest.console.dll, TestPluginCache.GetExtensionPaths: Added unfilterableExtensionPaths: 
TpTrace Verbose: 0 : 48428, 1, 2022/04/22, 22:47:31.870, 2785578776691, vstest.console.dll, TestPluginCache.DiscoverTestExtensions: Discovering the extensions using allExtensionPaths: C:\Program Files\dotnet\sdk\5.0.400\Extensions\Microsoft.Diagnostics.NETCore.Client.dll
C:\Program Files\dotnet\sdk\5.0.400\Extensions\Microsoft.TestPlatform.Extensions.BlameDataCollector.dll
C:\Program Files\dotnet\sdk\5.0.400\Extensions\Microsoft.TestPlatform.Extensions.EventLogCollector.dll
C:\Program Files\dotnet\sdk\5.0.400\Extensions\Microsoft.TestPlatform.TestHostRuntimeProvider.dll
C:\Program Files\dotnet\sdk\5.0.400\Extensions\Microsoft.VisualStudio.TestPlatform.Extensions.Html.TestLogger.dll
C:\Program Files\dotnet\sdk\5.0.400\Extensions\Microsoft.VisualStudio.TestPlatform.Extensions.Trx.TestLogger.dll
TpTrace Information: 0 : 48428, 1, 2022/04/22, 22:47:31.870, 2785578777994, vstest.console.dll, AssemblyResolver.AddSearchDirectories: Adding more searchDirectories C:\Program Files\dotnet\sdk\5.0.400\Extensions,C:\Program Files\dotnet\sdk\5.0.400
TpTrace Information: 0 : 48428, 1, 2022/04/22, 22:47:31.870, 2785578779139, vstest.console.dll, AssemblyResolver.AddSearchDirectories: Adding more searchDirectories C:\Program Files\dotnet\sdk\5.0.400\Extensions,C:\Program Files\dotnet\sdk\5.0.400
TpTrace Information: 0 : 48428, 1, 2022/04/22, 22:47:31.870, 2785578780148, vstest.console.dll, AssemblyResolver.AddSearchDirectories: Adding more searchDirectories C:\Program Files\dotnet\sdk\5.0.400\Extensions,C:\Program Files\dotnet\sdk\5.0.400
TpTrace Information: 0 : 48428, 1, 2022/04/22, 22:47:31.870, 2785578781119, vstest.console.dll, AssemblyResolver.AddSearchDirectories: Adding more searchDirectories C:\Program Files\dotnet\sdk\5.0.400\Extensions,C:\Program Files\dotnet\sdk\5.0.400
TpTrace Information: 0 : 48428, 1, 2022/04/22, 22:47:31.870, 2785578782170, vstest.console.dll, AssemblyResolver.AddSearchDirectories: Adding more searchDirectories C:\Program Files\dotnet\sdk\5.0.400\Extensions,C:\Program Files\dotnet\sdk\5.0.400
TpTrace Information: 0 : 48428, 1, 2022/04/22, 22:47:31.871, 2785578783121, vstest.console.dll, AssemblyResolver.AddSearchDirectories: Adding more searchDirectories C:\Program Files\dotnet\sdk\5.0.400\Extensions,C:\Program Files\dotnet\sdk\5.0.400
TpTrace Information: 0 : 48428, 1, 2022/04/22, 22:47:31.871, 2785578788914, vstest.console.dll, AssemblyResolver.OnResolve: Microsoft.Bcl.AsyncInterfaces: Resolving assembly.
TpTrace Information: 0 : 48428, 1, 2022/04/22, 22:47:31.871, 2785578790324, vstest.console.dll, AssemblyResolver.OnResolve: Microsoft.Bcl.AsyncInterfaces: Resolved from cache.
TpTrace Verbose: 0 : 48428, 1, 2022/04/22, 22:47:31.871, 2785578791398, vstest.console.dll, CurrentDomainAssemblyResolve: Resolving assembly 'Microsoft.Bcl.AsyncInterfaces'.
TpTrace Information: 0 : 48428, 1, 2022/04/22, 22:47:31.872, 2785578793037, vstest.console.dll, AssemblyResolver.OnResolve: Microsoft.Bcl.AsyncInterfaces: Resolving assembly.
TpTrace Information: 0 : 48428, 1, 2022/04/22, 22:47:31.872, 2785578794006, vstest.console.dll, AssemblyResolver.OnResolve: Microsoft.Bcl.AsyncInterfaces: Resolved from cache.
TpTrace Verbose: 0 : 48428, 1, 2022/04/22, 22:47:31.872, 2785578795162, vstest.console.dll, CurrentDomainAssemblyResolve: Resolving assembly 'Microsoft.Bcl.AsyncInterfaces'.
TpTrace Verbose: 0 : 48428, 1, 2022/04/22, 22:47:31.872, 2785578796214, vstest.console.dll, CurrentDomainAssemblyResolve: Failed to resolve assembly 'Microsoft.Bcl.AsyncInterfaces'.
TpTrace Verbose: 0 : 48428, 1, 2022/04/22, 22:47:31.872, 2785578799811, vstest.console.dll, CurrentDomainAssemblyResolve: Failed to resolve assembly 'Microsoft.Bcl.AsyncInterfaces'.
TpTrace Warning: 0 : 48428, 1, 2022/04/22, 22:47:31.873, 2785578806411, vstest.console.dll, TestPluginDiscoverer: Failed to get types from assembly 'Microsoft.Diagnostics.NETCore.Client, Version=0.2.2.41902, Culture=neutral, PublicKeyToken=31bf3856ad364e35'.  Skipping test extension scan for this assembly.  Error: System.Reflection.ReflectionTypeLoadException: Unable to load one or more of the requested types.
Could not load file or assembly 'Microsoft.Bcl.AsyncInterfaces, Version=1.0.0.0, Culture=neutral, PublicKeyToken=cc7b13ffcd2ddd51'. The system cannot find the file specified.
   at System.Reflection.RuntimeModule.GetTypes(RuntimeModule module)
   at System.Reflection.RuntimeModule.GetTypes()
   at System.Reflection.Assembly.GetTypes()
   at Microsoft.VisualStudio.TestPlatform.Common.ExtensionFramework.TestPluginDiscoverer.GetTestExtensionsFromAssembly[TPluginInfo,TExtension](Assembly assembly, Dictionary`2 pluginInfos)
System.IO.FileNotFoundException: Could not load file or assembly 'Microsoft.Bcl.AsyncInterfaces, Version=1.0.0.0, Culture=neutral, PublicKeyToken=cc7b13ffcd2ddd51'. The system cannot find the file specified.
File name: 'Microsoft.Bcl.AsyncInterfaces, Version=1.0.0.0, Culture=neutral, PublicKeyToken=cc7b13ffcd2ddd51'
TpTrace Warning: 0 : 48428, 1, 2022/04/22, 22:47:31.873, 2785578807958, vstest.console.dll, LoaderExceptions: System.IO.FileNotFoundException: Could not load file or assembly 'Microsoft.Bcl.AsyncInterfaces, Version=1.0.0.0, Culture=neutral, PublicKeyToken=cc7b13ffcd2ddd51'. The system cannot find the file specified.
File name: 'Microsoft.Bcl.AsyncInterfaces, Version=1.0.0.0, Culture=neutral, PublicKeyToken=cc7b13ffcd2ddd51'
TpTrace Verbose: 0 : 48428, 1, 2022/04/22, 22:47:31.874, 2785578816646, vstest.console.dll, TestPluginCache: Discovered the extensions using extension path ''.
TpTrace Verbose: 0 : 48428, 1, 2022/04/22, 22:47:31.874, 2785578817875, vstest.console.dll, TestPluginCache: Discoverers are ''.
TpTrace Verbose: 0 : 48428, 1, 2022/04/22, 22:47:31.874, 2785578818654, vstest.console.dll, TestPluginCache: Executors are ''.
TpTrace Verbose: 0 : 48428, 1, 2022/04/22, 22:47:31.874, 2785578819480, vstest.console.dll, TestPluginCache: Executors2 are ''.
TpTrace Verbose: 0 : 48428, 1, 2022/04/22, 22:47:31.874, 2785578820282, vstest.console.dll, TestPluginCache: Setting providers are ''.
TpTrace Verbose: 0 : 48428, 1, 2022/04/22, 22:47:31.874, 2785578822001, vstest.console.dll, TestPluginCache: Loggers are 'logger://Microsoft/TestPlatform/Extensions/Blame/v1,logger://Microsoft/TestPlatform/HtmlLogger/v1,logger://Microsoft/TestPlatform/TrxLogger/v1'.
TpTrace Information: 0 : 48428, 1, 2022/04/22, 22:47:31.876, 2785578841387, vstest.console.dll, TestPluginManager.CreateTestExtension: Attempting to load test extension: Microsoft.TestPlatform.Extensions.BlameDataCollector.BlameLogger
TpTrace Information: 0 : 48428, 1, 2022/04/22, 22:47:31.914, 2785579213692, vstest.console.dll, TestPluginManager.CreateTestExtension: Attempting to load test extension: Microsoft.VisualStudio.TestPlatform.CrossPlatEngine.Hosting.DefaultTestHostManager
TpTrace Information: 0 : 48428, 1, 2022/04/22, 22:47:31.915, 2785579225505, vstest.console.dll, TestPluginManager.CreateTestExtension: Attempting to load test extension: Microsoft.VisualStudio.TestPlatform.CrossPlatEngine.Hosting.DotnetTestHostManager
TpTrace Verbose: 0 : 48428, 1, 2022/04/22, 22:47:31.925, 2785579325604, vstest.console.dll, TestEngine: Initializing Parallel Execution as MaxCpuCount is set to: 1
TpTrace Information: 0 : 48428, 1, 2022/04/22, 22:47:31.928, 2785579353913, vstest.console.dll, InferRunSettingsHelper.IsTestSettingsEnabled: Unable to navigate to RunSettings/MSTest. Current node: RunSettings
TpTrace Verbose: 0 : 48428, 1, 2022/04/22, 22:47:32.003, 2785580102652, vstest.console.dll, TestRequestSender is acting as server
TpTrace Verbose: 0 : 48428, 4, 2022/04/22, 22:47:32.012, 2785580197880, vstest.console.dll, DataCollectionRequestSender.InitializeCommunication : Initialize communication. 
TpTrace Information: 0 : 48428, 4, 2022/04/22, 22:47:32.095, 2785581032201, vstest.console.dll, Listening on Endpoint : 127.0.0.1:59708
TpTrace Verbose: 0 : 48428, 4, 2022/04/22, 22:47:32.142, 2785581500283, vstest.console.dll, DotnetDataCollectionLauncher: Full path of dotnet.exe is C:\Program Files\dotnet\dotnet.exe
TpTrace Verbose: 0 : 48428, 4, 2022/04/22, 22:47:32.143, 2785581507050, vstest.console.dll, DotnetDataCollectionLauncher: Adding  --runtimeconfig "C:\Program Files\dotnet\sdk\5.0.400\datacollector.runtimeconfig.json" in args
TpTrace Verbose: 0 : 48428, 4, 2022/04/22, 22:47:32.143, 2785581511032, vstest.console.dll, DotnetDataCollectionLauncher: Adding  --depsfile "C:\Program Files\dotnet\sdk\5.0.400\datacollector.deps.json" in args
TpTrace Information: 0 : 48428, 4, 2022/04/22, 22:47:32.204, 2785582114863, vstest.console.dll, ProxyDataCollectionManager.Initialize: Launched datacollector processId: 47836 port: 59708
TpTrace Information: 0 : 48428, 4, 2022/04/22, 22:47:32.204, 2785582118031, vstest.console.dll, ProxyDataCollectionManager.Initialize: waiting for connection with timeout: 90 seconds
TpTrace Verbose: 0 : 48428, 4, 2022/04/22, 22:47:32.204, 2785582119427, vstest.console.dll, DataCollectionRequestSender.WaitForRequestHandlerConnection : Waiting for connection with timeout: 90000
TpTrace Information: 0 : 48428, 7, 2022/04/22, 22:47:34.162, 2785601698529, vstest.console.dll, Using the buffer size of 16384 bytes
TpTrace Verbose: 0 : 48428, 4, 2022/04/22, 22:47:34.162, 2785601699766, vstest.console.dll, ProxyDataCollectionManager.InvokeDataCollectionServiceAction: Starting.
TpTrace Information: 0 : 48428, 7, 2022/04/22, 22:47:34.162, 2785601701433, vstest.console.dll, Accepted Client request and set the flag
TpTrace Information: 0 : 48428, 4, 2022/04/22, 22:47:34.163, 2785601703893, vstest.console.dll, ProxyDataCollectionManager.BeforeTestRunStart: Get environment variable and port for datacollector processId: 47836 port: 59708
TpTrace Verbose: 0 : 48428, 4, 2022/04/22, 22:47:34.163, 2785601706841, vstest.console.dll, DataCollectionRequestSender.SendBeforeTestRunStartAndGetResult : Send BeforeTestRunStart message with settingsXml <RunSettings><RunConfiguration><ResultsDirectory>C:\per\mars-rover\MarsRover.UnitTest\bin\Debug\net5.0\fine-code-coverage\coverage-tool-output</ResultsDirectory><TargetPlatform>X64</TargetPlatform><TargetFrameworkVersion>.NETCoreApp,Version=v5.0</TargetFrameworkVersion><DesignMode>False</DesignMode><CollectSourceInformation>False</CollectSourceInformation><TestAdaptersPaths>C:\Program Files\dotnet\sdk\5.0.400\Extensions</TestAdaptersPaths></RunConfiguration><LoggerRunSettings><Loggers><Logger friendlyName="blame" enabled="True" /><Logger friendlyName="Console" uri="logger://microsoft/TestPlatform/ConsoleLogger/v1" assemblyQualifiedName="Microsoft.VisualStudio.TestPlatform.CommandLine.Internal.ConsoleLogger, vstest.console, Version=15.0.0.0, Culture=neutral, PublicKeyToken=b03f5f7f11d50a3a" codeBase="C:\Program Files\dotnet\sdk\5.0.400\vstest.console.dll" enabled="True" /></Loggers></LoggerRunSettings><DataCollectionRunSettings><DataCollectors><DataCollector friendlyName="blame" enabled="True"><Configuration><ResultsDirectory>C:\per\mars-rover\MarsRover.UnitTest\bin\Debug\net5.0\fine-code-coverage\coverage-tool-output</ResultsDirectory></Configuration></DataCollector></DataCollectors></DataCollectionRunSettings></RunSettings> and sources System.Linq.Enumerable+Concat2Iterator`1[System.String]: 
TpTrace Verbose: 0 : 48428, 4, 2022/04/22, 22:47:34.439, 2785604465693, vstest.console.dll, DataCollectionRequestSender.SendBeforeTestRunStartAndGetResult : Received message: (DataCollection.SendMessage) -> {
  "FriendlyName": null,
  "Uri": null,
  "TestCaseId": "00000000-0000-0000-0000-000000000000",
  "Message": "Logging DataCollector Diagnostics in file: C:\\per\\mars-rover\\MarsRover.UnitTest\\bin\\Debug\\net5.0\\fine-code-coverage\\coverage-tool-output\\diagnostics.datacollector.22-04-22_22-47-32_12497_4.log",
  "Level": 0
}
TpTrace Verbose: 0 : 48428, 4, 2022/04/22, 22:47:34.696, 2785607033630, vstest.console.dll, DataCollectionRequestSender.SendBeforeTestRunStartAndGetResult : Received message: (DataCollection.BeforeTestRunStartResult) -> {
  "EnvironmentVariables": {},
  "DataCollectionEventsPort": 59711
}
TpTrace Information: 0 : 48428, 4, 2022/04/22, 22:47:34.704, 2785607120336, vstest.console.dll, ProxyDataCollectionManager.BeforeTestRunStart: SendBeforeTestRunStartAndGetResult successful, env variable from datacollector:   and testhost port: 59711
TpTrace Information: 0 : 48428, 4, 2022/04/22, 22:47:34.705, 2785607122898, vstest.console.dll, ProxyDataCollectionManager.InvokeDataCollectionServiceAction: Completed.
TpTrace Verbose: 0 : 48428, 1, 2022/04/22, 22:47:34.705, 2785607125693, vstest.console.dll, TestRunRequest.ExecuteAsync: Creating test run request.
TpTrace Verbose: 0 : 48428, 1, 2022/04/22, 22:47:34.706, 2785607133207, vstest.console.dll, TestRunRequest.ExecuteAsync: Starting.
TpTrace Information: 0 : 48428, 1, 2022/04/22, 22:47:34.707, 2785607146548, vstest.console.dll, TestRunRequest.ExecuteAsync: Starting run with settings:TestRunCriteria:
   KeepAlive=False,FrequencyOfRunStatsChangeEvent=10,RunStatsChangeEventTimeout=00:00:01.5000000,TestCaseFilter=,TestExecutorLauncher=
   Settingsxml=<RunSettings>
  <RunConfiguration>
    <ResultsDirectory>C:\per\mars-rover\MarsRover.UnitTest\bin\Debug\net5.0\fine-code-coverage\coverage-tool-output</ResultsDirectory>
    <TargetPlatform>X64</TargetPlatform>
    <TargetFrameworkVersion>.NETCoreApp,Version=v5.0</TargetFrameworkVersion>
    <DesignMode>False</DesignMode>
    <CollectSourceInformation>False</CollectSourceInformation>
  </RunConfiguration>
  <LoggerRunSettings>
    <Loggers>
      <Logger friendlyName="blame" enabled="True" />
      <Logger friendlyName="Console" uri="logger://microsoft/TestPlatform/ConsoleLogger/v1" assemblyQualifiedName="Microsoft.VisualStudio.TestPlatform.CommandLine.Internal.ConsoleLogger, vstest.console, Version=15.0.0.0, Culture=neutral, PublicKeyToken=b03f5f7f11d50a3a" codeBase="C:\Program Files\dotnet\sdk\5.0.400\vstest.console.dll" enabled="True" />
    </Loggers>
  </LoggerRunSettings>
  <DataCollectionRunSettings>
    <DataCollectors>
      <DataCollector friendlyName="blame" enabled="True">
        <Configuration>
          <ResultsDirectory>C:\per\mars-rover\MarsRover.UnitTest\bin\Debug\net5.0\fine-code-coverage\coverage-tool-output</ResultsDirectory>
        </Configuration>
      </DataCollector>
    </DataCollectors>
  </DataCollectionRunSettings>
</RunSettings>

TpTrace Verbose: 0 : 48428, 1, 2022/04/22, 22:47:34.707, 2785607150345, vstest.console.dll, TestRunRequest.ExecuteAsync: Wait for the first run request is over.
TpTrace Verbose: 0 : 48428, 1, 2022/04/22, 22:47:34.708, 2785607161731, vstest.console.dll, ParallelProxyExecutionManager: Start execution. Total sources: 1
TpTrace Information: 0 : 48428, 1, 2022/04/22, 22:47:34.710, 2785607175283, vstest.console.dll, ProxyParallelExecutionManager: Triggering test run for next source: C:\per\mars-rover\MarsRover.UnitTest\bin\Debug\net5.0\fine-code-coverage\build-output\MarsRover.UnitTest.dll
TpTrace Verbose: 0 : 48428, 12, 2022/04/22, 22:47:34.710, 2785607179799, vstest.console.dll, ParallelProxyExecutionManager: Execution started. Started clients: 1
TpTrace Verbose: 0 : 48428, 1, 2022/04/22, 22:47:34.710, 2785607180327, vstest.console.dll, ProxyParallelExecutionManager: No sources available for execution.
TpTrace Information: 0 : 48428, 1, 2022/04/22, 22:47:34.711, 2785607182884, vstest.console.dll, TestRunRequest.ExecuteAsync: Started.
TpTrace Verbose: 0 : 48428, 1, 2022/04/22, 22:47:34.711, 2785607184842, vstest.console.dll, TestRunRequest.WaitForCompletion: Waiting with timeout -1.
TpTrace Verbose: 0 : 48428, 12, 2022/04/22, 22:47:34.711, 2785607186272, vstest.console.dll, TestRunRequest:SendTestRunMessage: Starting.
TpTrace Information: 0 : 48428, 12, 2022/04/22, 22:47:34.711, 2785607188684, vstest.console.dll, TestRunRequest:SendTestRunMessage: Completed.
TpTrace Verbose: 0 : 48428, 12, 2022/04/22, 22:47:34.711, 2785607192217, vstest.console.dll, ProxyExecutionManager: Test host is always Lazy initialize.
TpTrace Verbose: 0 : 48428, 12, 2022/04/22, 22:47:34.712, 2785607197035, vstest.console.dll, TestRequestSender.InitializeCommunication: initialize communication. 
TpTrace Information: 0 : 48428, 12, 2022/04/22, 22:47:34.713, 2785607205483, vstest.console.dll, SocketServer.Start: Listening on endpoint : 127.0.0.1:59712
TpTrace Verbose: 0 : 48428, 12, 2022/04/22, 22:47:34.715, 2785607222340, vstest.console.dll, DotnetTestHostmanager: Adding  --runtimeconfig "C:\per\mars-rover\MarsRover.UnitTest\bin\Debug\net5.0\fine-code-coverage\build-output\MarsRover.UnitTest.runtimeconfig.json" in args
TpTrace Verbose: 0 : 48428, 12, 2022/04/22, 22:47:34.715, 2785607225774, vstest.console.dll, DotnetTestHostmanager: Adding  --depsfile "C:\per\mars-rover\MarsRover.UnitTest\bin\Debug\net5.0\fine-code-coverage\build-output\MarsRover.UnitTest.deps.json" in args
TpTrace Verbose: 0 : 48428, 12, 2022/04/22, 22:47:34.715, 2785607231250, vstest.console.dll, DotnetTestHostManager: Testhost.exe/testhost.x86.exe found at path: C:\per\mars-rover\MarsRover.UnitTest\bin\Debug\net5.0\fine-code-coverage\build-output\testhost.exe
TpTrace Verbose: 0 : 48428, 12, 2022/04/22, 22:47:34.716, 2785607232637, vstest.console.dll, DotnetTestHostmanager: Full path of host exe is C:\per\mars-rover\MarsRover.UnitTest\bin\Debug\net5.0\fine-code-coverage\build-output\testhost.exe
TpTrace Verbose: 0 : 48428, 4, 2022/04/22, 22:47:34.717, 2785607251121, vstest.console.dll, DotnetTestHostManager: Starting process 'C:\per\mars-rover\MarsRover.UnitTest\bin\Debug\net5.0\fine-code-coverage\build-output\testhost.exe' with command line ' --runtimeconfig "C:\per\mars-rover\MarsRover.UnitTest\bin\Debug\net5.0\fine-code-coverage\build-output\MarsRover.UnitTest.runtimeconfig.json" --depsfile "C:\per\mars-rover\MarsRover.UnitTest\bin\Debug\net5.0\fine-code-coverage\build-output\MarsRover.UnitTest.deps.json" --port 59712 --endpoint 127.0.0.1:059712 --role client --parentprocessid 48428 --diag "C:\per\mars-rover\MarsRover.UnitTest\bin\Debug\net5.0\fine-code-coverage\coverage-tool-output\diagnostics.host.22-04-22_22-47-34_71401_12.log" --tracelevel 4 --datacollectionport 59711 --telemetryoptedin false'
TpTrace Verbose: 0 : 48428, 4, 2022/04/22, 22:47:34.749, 2785607566906, vstest.console.dll, Test Runtime launched
TpTrace Verbose: 0 : 48428, 12, 2022/04/22, 22:47:34.750, 2785607580328, vstest.console.dll, TestRequestSender.WaitForRequestHandlerConnection: waiting for connection with timeout: 90000
TpTrace Verbose: 0 : 48428, 13, 2022/04/22, 22:47:36.466, 2785624737228, vstest.console.dll, SocketServer.OnClientConnected: Client connected for endPoint: 127.0.0.1:59712, starting MessageLoopAsync:
TpTrace Verbose: 0 : 48428, 14, 2022/04/22, 22:47:36.466, 2785624741693, vstest.console.dll, TcpClientExtensions.MessageLoopAsync: Polling on remoteEndPoint: 127.0.0.1:59713 localEndPoint: 127.0.0.1:59712
TpTrace Verbose: 0 : 48428, 14, 2022/04/22, 22:47:36.815, 2785628231662, vstest.console.dll, TcpClientExtensions.MessageLoopAsync: NotifyDataAvailable remoteEndPoint: 127.0.0.1:59713 localEndPoint: 127.0.0.1:59712
TpTrace Verbose: 0 : 48428, 14, 2022/04/22, 22:47:36.816, 2785628235613, vstest.console.dll, TestRequestSender.CheckVersionWithTestHost: onMessageReceived received message: (ProtocolVersion) -> 5
TpTrace Verbose: 0 : 48428, 14, 2022/04/22, 22:47:36.816, 2785628242146, vstest.console.dll, TcpClientExtensions.MessageLoopAsync: Polling on remoteEndPoint: 127.0.0.1:59713 localEndPoint: 127.0.0.1:59712
TpTrace Verbose: 0 : 48428, 12, 2022/04/22, 22:47:36.817, 2785628243656, vstest.console.dll, TestPluginCache.GetExtensionPaths: Filtered extension paths: 
TpTrace Verbose: 0 : 48428, 12, 2022/04/22, 22:47:36.817, 2785628245293, vstest.console.dll, TestPluginCache.GetExtensionPaths: Added default extension paths: C:\Program Files\dotnet\sdk\5.0.400\Extensions\Microsoft.Diagnostics.NETCore.Client.dll
C:\Program Files\dotnet\sdk\5.0.400\Extensions\Microsoft.TestPlatform.Extensions.BlameDataCollector.dll
C:\Program Files\dotnet\sdk\5.0.400\Extensions\Microsoft.TestPlatform.Extensions.EventLogCollector.dll
C:\Program Files\dotnet\sdk\5.0.400\Extensions\Microsoft.TestPlatform.TestHostRuntimeProvider.dll
C:\Program Files\dotnet\sdk\5.0.400\Extensions\Microsoft.VisualStudio.TestPlatform.Extensions.Html.TestLogger.dll
C:\Program Files\dotnet\sdk\5.0.400\Extensions\Microsoft.VisualStudio.TestPlatform.Extensions.Trx.TestLogger.dll
TpTrace Verbose: 0 : 48428, 12, 2022/04/22, 22:47:36.817, 2785628246374, vstest.console.dll, TestPluginCache.GetExtensionPaths: Added unfilterableExtensionPaths: 
TpTrace Verbose: 0 : 48428, 12, 2022/04/22, 22:47:36.824, 2785628317095, vstest.console.dll, TestRequestSender.InitializeExecution: Sending initializing execution with message: {"Version":5,"MessageType":"TestExecution.Initialize","Payload":["C:\\per\\mars-rover\\MarsRover.UnitTest\\bin\\Debug\\net5.0\\fine-code-coverage\\build-output\\Microsoft.VisualStudio.TestPlatform.MSTest.TestAdapter.dll"]}
TpTrace Verbose: 0 : 48428, 14, 2022/04/22, 22:47:36.838, 2785628453425, vstest.console.dll, TcpClientExtensions.MessageLoopAsync: NotifyDataAvailable remoteEndPoint: 127.0.0.1:59713 localEndPoint: 127.0.0.1:59712
TpTrace Verbose: 0 : 48428, 14, 2022/04/22, 22:47:36.838, 2785628456133, vstest.console.dll, TestRequestSender.OnExecutionMessageReceived: Received message: {"Version":5,"MessageType":"TestSession.Message","Payload":{"MessageLevel":0,"Message":"Logging TestHost Diagnostics in file: C:\\per\\mars-rover\\MarsRover.UnitTest\\bin\\Debug\\net5.0\\fine-code-coverage\\coverage-tool-output\\diagnostics.host.22-04-22_22-47-34_71401_12.log"}}
TpTrace Verbose: 0 : 48428, 12, 2022/04/22, 22:47:36.838, 2785628456862, vstest.console.dll, TestRequestSender.StartTestRun: Sending test run with message: {"Version":5,"MessageType":"TestExecution.StartWithSources","Payload":{"AdapterSourceMap":{"_none_":["C:\\per\\mars-rover\\MarsRover.UnitTest\\bin\\Debug\\net5.0\\fine-code-coverage\\build-output\\MarsRover.UnitTest.dll"]},"RunSettings":"<RunSettings>\r\n  <RunConfiguration>\r\n    <ResultsDirectory>C:\\per\\mars-rover\\MarsRover.UnitTest\\bin\\Debug\\net5.0\\fine-code-coverage\\coverage-tool-output</ResultsDirectory>\r\n    <TargetPlatform>X64</TargetPlatform>\r\n    <TargetFrameworkVersion>.NETCoreApp,Version=v5.0</TargetFrameworkVersion>\r\n    <DesignMode>False</DesignMode>\r\n    <CollectSourceInformation>False</CollectSourceInformation>\r\n  </RunConfiguration>\r\n  <LoggerRunSettings>\r\n    <Loggers>\r\n      <Logger friendlyName=\"blame\" enabled=\"True\" />\r\n      <Logger friendlyName=\"Console\" uri=\"logger://microsoft/TestPlatform/ConsoleLogger/v1\" assemblyQualifiedName=\"Microsoft.VisualStudio.TestPlatform.CommandLine.Internal.ConsoleLogger, vstest.console, Version=15.0.0.0, Culture=neutral, PublicKeyToken=b03f5f7f11d50a3a\" codeBase=\"C:\\Program Files\\dotnet\\sdk\\5.0.400\\vstest.console.dll\" enabled=\"True\" />\r\n    </Loggers>\r\n  </LoggerRunSettings>\r\n  <DataCollectionRunSettings>\r\n    <DataCollectors>\r\n      <DataCollector friendlyName=\"blame\" enabled=\"True\">\r\n        <Configuration>\r\n          <ResultsDirectory>C:\\per\\mars-rover\\MarsRover.UnitTest\\bin\\Debug\\net5.0\\fine-code-coverage\\coverage-tool-output</ResultsDirectory>\r\n        </Configuration>\r\n      </DataCollector>\r\n    </DataCollectors>\r\n  </DataCollectionRunSettings>\r\n</RunSettings>","TestExecutionContext":{"FrequencyOfRunStatsChangeEvent":10,"RunStatsChangeEventTimeout":"00:00:01.5000000","InIsolation":false,"KeepAlive":false,"AreTestCaseLevelEventsRequired":false,"IsDebug":false,"TestCaseFilter":null,"FilterOptions":null},"Package":null}}
TpTrace Verbose: 0 : 48428, 14, 2022/04/22, 22:47:36.842, 2785628495063, vstest.console.dll, TestRunRequest:SendTestRunMessage: Starting.
TpTrace Information: 0 : 48428, 14, 2022/04/22, 22:47:36.842, 2785628497474, vstest.console.dll, TestRunRequest:SendTestRunMessage: Completed.
TpTrace Verbose: 0 : 48428, 14, 2022/04/22, 22:47:36.842, 2785628498567, vstest.console.dll, TcpClientExtensions.MessageLoopAsync: Polling on remoteEndPoint: 127.0.0.1:59713 localEndPoint: 127.0.0.1:59712
TpTrace Verbose: 0 : 48428, 14, 2022/04/22, 22:47:37.850, 2785638577345, vstest.console.dll, TcpClientExtensions.MessageLoopAsync: Polling on remoteEndPoint: 127.0.0.1:59713 localEndPoint: 127.0.0.1:59712
TpTrace Verbose: 0 : 48428, 14, 2022/04/22, 22:47:38.619, 2785646268217, vstest.console.dll, TcpClientExtensions.MessageLoopAsync: NotifyDataAvailable remoteEndPoint: 127.0.0.1:59713 localEndPoint: 127.0.0.1:59712
TpTrace Verbose: 0 : 48428, 14, 2022/04/22, 22:47:38.620, 2785646273131, vstest.console.dll, TestRequestSender.OnExecutionMessageReceived: Received message: {"Version":5,"MessageType":"TestExecution.Completed","Payload":{"TestRunCompleteArgs":{"TestRunStatistics":{"ExecutedTests":3,"Stats":{"Passed":3}},"IsCanceled":false,"IsAborted":false,"Error":null,"AttachmentSets":[],"ElapsedTimeInRunningTests":"00:00:01.2551994","Metrics":{}},"LastRunTests":{"NewTestResults":[{"TestCase":{"Id":"a16d605d-1d9a-fdec-9afb-df913f99279b","FullyQualifiedName":"MarsRover.UnitTest.Models.Rovers.RoverTests.Move_WhenAtBorder_NotMove","DisplayName":"Move_WhenAtBorder_NotMove","ExecutorUri":"executor://MSTestAdapter/v2","Source":"C:\\per\\mars-rover\\MarsRover.UnitTest\\bin\\Debug\\net5.0\\fine-code-coverage\\build-output\\MarsRover.UnitTest.dll","CodeFilePath":null,"LineNumber":-1,"Properties":[{"Key":{"Id":"TestCase.ManagedType","Label":"ManagedType","Category":"","Description":"","Attributes":1,"ValueType":"System.String"},"Value":"MarsRover.UnitTest.Models.Rovers.RoverTests"},{"Key":{"Id":"TestCase.ManagedMethod","Label":"ManagedMethod","Category":"","Description":"","Attributes":1,"ValueType":"System.String"},"Value":"Move_WhenAtBorder_NotMove"},{"Key":{"Id":"MSTestDiscoverer.TestClassName","Label":"ClassName","Category":"","Description":"","Attributes":1,"ValueType":"System.String"},"Value":"MarsRover.UnitTest.Models.Rovers.RoverTests"},{"Key":{"Id":"TestObject.Traits","Label":"Traits","Category":"","Description":"","Attributes":5,"ValueType":"System.Collections.Generic.KeyValuePair`2[[System.String],[System.String]][]"},"Value":[]}]},"Attachments":[],"Outcome":1,"ErrorMessage":null,"ErrorStackTrace":null,"DisplayName":null,"Messages":[],"ComputerName":null,"Duration":"00:00:00.3132469","StartTime":"2022-04-22T22:47:37.7010345+03:00","EndTime":"2022-04-22T22:47:38.1318749+03:00","Properties":[{"Key":{"Id":"ExecutionId","Label":"ExecutionId","Category":"","Description":"","Attributes":1,"ValueType":"System.Guid"},"Value":"00000000-0000-0000-0000-000000000000"},{"Key":{"Id":"ParentExecId","Label":"ParentExecId","Category":"","Description":"","Attributes":1,"ValueType":"System.Guid"},"Value":"00000000-0000-0000-0000-000000000000"},{"Key":{"Id":"InnerResultsCount","Label":"InnerResultsCount","Category":"","Description":"","Attributes":1,"ValueType":"System.Int32"},"Value":0}]},{"TestCase":{"Id":"d47a7671-b89e-e5d5-0fcd-da2b9d451050","FullyQualifiedName":"MarsRover.UnitTest.Models.Plateaus.PlateauTests.Plateau","DisplayName":"Plateau","ExecutorUri":"executor://MSTestAdapter/v2","Source":"C:\\per\\mars-rover\\MarsRover.UnitTest\\bin\\Debug\\net5.0\\fine-code-coverage\\build-output\\MarsRover.UnitTest.dll","CodeFilePath":null,"LineNumber":-1,"Properties":[{"Key":{"Id":"TestCase.ManagedType","Label":"ManagedType","Category":"","Description":"","Attributes":1,"ValueType":"System.String"},"Value":"MarsRover.UnitTest.Models.Plateaus.PlateauTests"},{"Key":{"Id":"TestCase.ManagedMethod","Label":"ManagedMethod","Category":"","Description":"","Attributes":1,"ValueType":"System.String"},"Value":"Plateau"},{"Key":{"Id":"MSTestDiscoverer.TestClassName","Label":"ClassName","Category":"","Description":"","Attributes":1,"ValueType":"System.String"},"Value":"MarsRover.UnitTest.Models.Plateaus.PlateauTests"},{"Key":{"Id":"TestObject.Traits","Label":"Traits","Category":"","Description":"","Attributes":5,"ValueType":"System.Collections.Generic.KeyValuePair`2[[System.String],[System.String]][]"},"Value":[]}]},"Attachments":[],"Outcome":1,"ErrorMessage":null,"ErrorStackTrace":null,"DisplayName":null,"Messages":[],"ComputerName":null,"Duration":"00:00:00.2335271","StartTime":"2022-04-22T22:47:38.1974395+03:00","EndTime":"2022-04-22T22:47:38.4321737+03:00","Properties":[{"Key":{"Id":"ExecutionId","Label":"ExecutionId","Category":"","Description":"","Attributes":1,"ValueType":"System.Guid"},"Value":"00000000-0000-0000-0000-000000000000"},{"Key":{"Id":"ParentExecId","Label":"ParentExecId","Category":"","Description":"","Attributes":1,"ValueType":"System.Guid"},"Value":"00000000-0000-0000-0000-000000000000"},{"Key":{"Id":"InnerResultsCount","Label":"InnerResultsCount","Category":"","Description":"","Attributes":1,"ValueType":"System.Int32"},"Value":0}]},{"TestCase":{"Id":"88ed2b2d-c24d-22d9-f4b2-1a100a0d2478","FullyQualifiedName":"MarsRover.UnitTest.Models.Coordinates.CoordinateTests.Coordinate","DisplayName":"Coordinate","ExecutorUri":"executor://MSTestAdapter/v2","Source":"C:\\per\\mars-rover\\MarsRover.UnitTest\\bin\\Debug\\net5.0\\fine-code-coverage\\build-output\\MarsRover.UnitTest.dll","CodeFilePath":null,"LineNumber":-1,"Properties":[{"Key":{"Id":"TestCase.ManagedType","Label":"ManagedType","Category":"","Description":"","Attributes":1,"ValueType":"System.String"},"Value":"MarsRover.UnitTest.Models.Coordinates.CoordinateTests"},{"Key":{"Id":"TestCase.ManagedMethod","Label":"ManagedMethod","Category":"","Description":"","Attributes":1,"ValueType":"System.String"},"Value":"Coordinate"},{"Key":{"Id":"MSTestDiscoverer.TestClassName","Label":"ClassName","Category":"","Description":"","Attributes":1,"ValueType":"System.String"},"Value":"MarsRover.UnitTest.Models.Coordinates.CoordinateTests"},{"Key":{"Id":"TestObject.Traits","Label":"Traits","Category":"","Description":"","Attributes":5,"ValueType":"System.Collections.Generic.KeyValuePair`2[[System.String],[System.String]][]"},"Value":[]}]},"Attachments":[],"Outcome":1,"ErrorMessage":null,"ErrorStackTrace":null,"DisplayName":null,"Messages":[],"ComputerName":null,"Duration":"00:00:00.0098512","StartTime":"2022-04-22T22:47:38.4381243+03:00","EndTime":"2022-04-22T22:47:38.448954+03:00","Properties":[{"Key":{"Id":"ExecutionId","Label":"ExecutionId","Category":"","Description":"","Attributes":1,"ValueType":"System.Guid"},"Value":"00000000-0000-0000-0000-000000000000"},{"Key":{"Id":"ParentExecId","Label":"ParentExecId","Category":"","Description":"","Attributes":1,"ValueType":"System.Guid"},"Value":"00000000-0000-0000-0000-000000000000"},{"Key":{"Id":"InnerResultsCount","Label":"InnerResultsCount","Category":"","Description":"","Attributes":1,"ValueType":"System.Int32"},"Value":0}]}],"TestRunStatistics":{"ExecutedTests":3,"Stats":{"Passed":3}},"ActiveTests":[]},"RunAttachments":[],"ExecutorUris":["executor://mstestadapter/v2"]}}
TpTrace Verbose: 0 : 48428, 14, 2022/04/22, 22:47:38.635, 2785646431513, vstest.console.dll, TestRequestSender.EndSession: Sending end session.
TpTrace Verbose: 0 : 48428, 14, 2022/04/22, 22:47:38.636, 2785646435445, vstest.console.dll, ProxyOperationManager.Close: waiting for test host to exit for 100 ms
TpTrace Warning: 0 : 48428, 14, 2022/04/22, 22:47:38.749, 2785647567762, vstest.console.dll, ProxyOperationManager: Timed out waiting for test host to exit. Will terminate process.
TpTrace Warning: 0 : 48428, 10, 2022/04/22, 22:47:38.779, 2785647867069, vstest.console.dll, TestHostManagerCallbacks.ErrorReceivedCallback Test host standard error line: 
TpTrace Verbose: 0 : 48428, 14, 2022/04/22, 22:47:38.813, 2785648203466, vstest.console.dll, TestHostProvider.ExitCallBack: Host exited starting callback.
TpTrace Information: 0 : 48428, 14, 2022/04/22, 22:47:38.813, 2785648205744, vstest.console.dll, TestHostManagerCallbacks.ExitCallBack: Testhost processId: 49780 exited with exitcode: 0 error: ''
TpTrace Verbose: 0 : 48428, 14, 2022/04/22, 22:47:38.813, 2785648208087, vstest.console.dll, DotnetTestHostManager.OnHostExited: invoking OnHostExited callback
TpTrace Verbose: 0 : 48428, 14, 2022/04/22, 22:47:38.813, 2785648209482, vstest.console.dll, CrossPlatEngine.TestHostManagerHostExited: calling on client process exit callback.
TpTrace Information: 0 : 48428, 14, 2022/04/22, 22:47:38.813, 2785648210646, vstest.console.dll, TestRequestSender.OnClientProcessExit: Test host process exited. Standard error: 
TpTrace Information: 0 : 48428, 14, 2022/04/22, 22:47:38.813, 2785648211430, vstest.console.dll, SocketServer.Stop: Stop server endPoint: 127.0.0.1:59712
TpTrace Information: 0 : 48428, 14, 2022/04/22, 22:47:38.813, 2785648212007, vstest.console.dll, SocketServer.Stop: Cancellation requested. Stopping message loop.
TpTrace Verbose: 0 : 48428, 14, 2022/04/22, 22:47:38.815, 2785648230946, vstest.console.dll, ProxyDataCollectionManager.InvokeDataCollectionServiceAction: Starting.
TpTrace Information: 0 : 48428, 14, 2022/04/22, 22:47:38.816, 2785648232644, vstest.console.dll, ProxyDataCollectionManager.AfterTestRunEnd: Get attachment set for datacollector processId: 47836 port: 59708
TpTrace Verbose: 0 : 48428, 14, 2022/04/22, 22:47:38.816, 2785648233687, vstest.console.dll, DataCollectionRequestSender.SendAfterTestRunStartAndGetResult : Send AfterTestRunEnd message with isCancelled: False
TpTrace Verbose: 0 : 48428, 14, 2022/04/22, 22:47:38.825, 2785648328138, vstest.console.dll, DataCollectionRequestSender.SendAfterTestRunStartAndGetResult : Received message: (DataCollection.AfterTestRunEndResult) -> {
  "AttachmentSets": [],
  "Metrics": {}
}
TpTrace Information: 0 : 48428, 14, 2022/04/22, 22:47:38.832, 2785648400574, vstest.console.dll, ProxyDataCollectionManager.InvokeDataCollectionServiceAction: Completed.
TpTrace Warning: 0 : 48428, 9, 2022/04/22, 22:47:38.911, 2785649190397, vstest.console.dll, DataCollectionLauncher.ErrorReceivedCallback datacollector standard error line: 
TpTrace Information: 0 : 48428, 7, 2022/04/22, 22:47:38.967, 2785649747126, vstest.console.dll, DataCollectionLauncher.ExitCallBack: Data collector exited with exitcode: 0 error: ''
TpTrace Verbose: 0 : 48428, 14, 2022/04/22, 22:47:39.081, 2785650885992, vstest.console.dll, TestRunRequest:SendTestRunStatsChange: Starting.
TpTrace Information: 0 : 48428, 14, 2022/04/22, 22:47:39.081, 2785650889894, vstest.console.dll, TestRunRequest:SendTestRunStatsChange: Completed.
TpTrace Verbose: 0 : 48428, 14, 2022/04/22, 22:47:39.082, 2785650893631, vstest.console.dll, ParallelProxyExecutionManager: HandlePartialRunComplete: Total completed clients = 1, Run complete = True, Run canceled: False.
TpTrace Verbose: 0 : 48428, 14, 2022/04/22, 22:47:39.132, 2785651399979, vstest.console.dll, TestRunRequest:TestRunComplete: Starting. IsAborted:False IsCanceled:False.
TpTrace Verbose: 0 : 48428, 14, 2022/04/22, 22:47:39.133, 2785651403525, vstest.console.dll, TestLoggerManager.HandleTestRunComplete: Ignoring as the object is disposed.
TpTrace Information: 0 : 48428, 14, 2022/04/22, 22:47:39.133, 2785651408743, vstest.console.dll, TestRunRequest:TestRunComplete: Completed.
TpTrace Verbose: 0 : 48428, 1, 2022/04/22, 22:47:39.133, 2785651409339, vstest.console.dll, TestRunRequest.Dispose: Starting.
TpTrace Verbose: 0 : 48428, 14, 2022/04/22, 22:47:39.133, 2785651410088, vstest.console.dll, TestRequestSender.SetOperationComplete: Setting operation complete.
TpTrace Information: 0 : 48428, 1, 2022/04/22, 22:47:39.133, 2785651411617, vstest.console.dll, TestRunRequest.Dispose: Completed.
TpTrace Information: 0 : 48428, 14, 2022/04/22, 22:47:39.134, 2785651412593, vstest.console.dll, SocketServer.Stop: Stop server endPoint: 127.0.0.1:59712
TpTrace Information: 0 : 48428, 1, 2022/04/22, 22:47:39.134, 2785651413709, vstest.console.dll, TestRequestManager.RunTests: run tests completed.
TpTrace Information: 0 : 48428, 14, 2022/04/22, 22:47:39.134, 2785651414570, vstest.console.dll, SocketServer.Stop: Cancellation requested. Stopping message loop.
TpTrace Information: 0 : 48428, 1, 2022/04/22, 22:47:39.134, 2785651416712, vstest.console.dll, RunTestsArgumentProcessor:Execute: Test run is completed.
TpTrace Information: 0 : 48428, 14, 2022/04/22, 22:47:39.134, 2785651416888, vstest.console.dll, SocketServer.PrivateStop: Stop server endPoint: 127.0.0.1:59712 error: 
TpTrace Verbose: 0 : 48428, 1, 2022/04/22, 22:47:39.134, 2785651420325, vstest.console.dll, Executor.Execute: Exiting with exit code of 0
